Error: Command failed: command -v ansible-lint

    at genericNodeError (node:internal/errors:984:15)
    at wrappedFn (node:internal/errors:538:14)
    at ChildProcess.exithandler (node:child_process:422:12)
    at ChildProcess.emit (node:events:518:28)
    at maybeClose (node:internal/child_process:1104:16)
    at Socket.<anonymous> (node:internal/child_process:456:11)
    at Socket.emit (node:events:518:28)
    at Pipe.<anonymous> (node:net:343:12) {
  code: 1,
  killed: false,
  signal: null,
  cmd: 'command -v ansible-lint',
  stdout: '',
  stderr: ''
}
Path for lint: 
cmd 'ansible-lint --version' was not executed with the following error: ' Command failed: ansible-lint --version
/bin/sh: line 1: ansible-lint: command not found

cmd 'ansible-lint --version' was not executed with the following error: ' Command failed: ansible-lint --version
/bin/sh: line 1: ansible-lint: command not found

cmd 'ansible-lint --version' was not executed with the following error: ' Command failed: ansible-lint --version
/bin/sh: line 1: ansible-lint: command not found

cmd 'ansible-lint --version' was not executed with the following error: ' Command failed: ansible-lint --version
/bin/sh: line 1: ansible-lint: command not found

cmd 'ansible-lint --version' was not executed with the following error: ' Command failed: ansible-lint --version
/bin/sh: line 1: ansible-lint: command not found

cmd 'ansible-lint --version' was not executed with the following error: ' Command failed: ansible-lint --version
/bin/sh: line 1: ansible-lint: command not found

cmd 'ansible-lint --version' was not executed with the following error: ' Command failed: ansible-lint --version
/bin/sh: line 1: ansible-lint: command not found

cmd 'ansible-lint --version' was not executed with the following error: ' Command failed: ansible-lint --version
/bin/sh: line 1: ansible-lint: command not found

cmd 'ansible-lint --version' was not executed with the following error: ' Command failed: ansible-lint --version
/bin/sh: line 1: ansible-lint: command not found

cmd 'ansible-lint --version' was not executed with the following error: ' Command failed: ansible-lint --version
/bin/sh: line 1: ansible-lint: command not found

cmd 'ansible-lint --version' was not executed with the following error: ' Command failed: ansible-lint --version
/bin/sh: line 1: ansible-lint: command not found

cmd 'ansible-lint --version' was not executed with the following error: ' Command failed: ansible-lint --version
/bin/sh: line 1: ansible-lint: command not found

cmd 'ansible-lint --version' was not executed with the following error: ' Command failed: ansible-lint --version
/bin/sh: line 1: ansible-lint: command not found

cmd 'ansible-lint --version' was not executed with the following error: ' Command failed: ansible-lint --version
/bin/sh: line 1: ansible-lint: command not found

cmd 'ansible-lint --version' was not executed with the following error: ' Command failed: ansible-lint --version
/bin/sh: line 1: ansible-lint: command not found

cmd 'ansible-lint --version' was not executed with the following error: ' Command failed: ansible-lint --version
/bin/sh: line 1: ansible-lint: command not found

cmd 'ansible-lint --version' was not executed with the following error: ' Command failed: ansible-lint --version
/bin/sh: line 1: ansible-lint: command not found

cmd 'ansible-lint --version' was not executed with the following error: ' Command failed: ansible-lint --version
/bin/sh: line 1: ansible-lint: command not found

cmd 'ansible-lint --version' was not executed with the following error: ' Command failed: ansible-lint --version
/bin/sh: line 1: ansible-lint: command not found

cmd 'ansible-lint --version' was not executed with the following error: ' Command failed: ansible-lint --version
/bin/sh: line 1: ansible-lint: command not found

cmd 'ansible-lint --version' was not executed with the following error: ' Command failed: ansible-lint --version
/bin/sh: line 1: ansible-lint: command not found

cmd 'ansible-lint --version' was not executed with the following error: ' Command failed: ansible-lint --version
/bin/sh: line 1: ansible-lint: command not found

cmd 'ansible-lint --version' was not executed with the following error: ' Command failed: ansible-lint --version
/bin/sh: line 1: ansible-lint: command not found

cmd 'ansible-lint --version' was not executed with the following error: ' Command failed: ansible-lint --version
/bin/sh: line 1: ansible-lint: command not found

cmd 'ansible-lint --version' was not executed with the following error: ' Command failed: ansible-lint --version
/bin/sh: line 1: ansible-lint: command not found

cmd 'ansible-lint --version' was not executed with the following error: ' Command failed: ansible-lint --version
/bin/sh: line 1: ansible-lint: command not found

cmd 'ansible-lint --version' was not executed with the following error: ' Command failed: ansible-lint --version
/bin/sh: line 1: ansible-lint: command not found

cmd 'ansible-lint --version' was not executed with the following error: ' Command failed: ansible-lint --version
/bin/sh: line 1: ansible-lint: command not found

cmd 'ansible-lint --version' was not executed with the following error: ' Command failed: ansible-lint --version
/bin/sh: line 1: ansible-lint: command not found

cmd 'ansible-lint --version' was not executed with the following error: ' Command failed: ansible-lint --version
/bin/sh: line 1: ansible-lint: command not found

cmd 'ansible-lint --version' was not executed with the following error: ' Command failed: ansible-lint --version
/bin/sh: line 1: ansible-lint: command not found

cmd 'ansible-lint --version' was not executed with the following error: ' Command failed: ansible-lint --version
/bin/sh: line 1: ansible-lint: command not found

cmd 'ansible-lint --version' was not executed with the following error: ' Command failed: ansible-lint --version
/bin/sh: line 1: ansible-lint: command not found

cmd 'ansible-lint --version' was not executed with the following error: ' Command failed: ansible-lint --version
/bin/sh: line 1: ansible-lint: command not found

cmd 'ansible-lint --version' was not executed with the following error: ' Command failed: ansible-lint --version
/bin/sh: line 1: ansible-lint: command not found

cmd 'ansible-lint --version' was not executed with the following error: ' Command failed: ansible-lint --version
/bin/sh: line 1: ansible-lint: command not found

cmd 'ansible-lint --version' was not executed with the following error: ' Command failed: ansible-lint --version
/bin/sh: line 1: ansible-lint: command not found

cmd 'ansible-lint --version' was not executed with the following error: ' Command failed: ansible-lint --version
/bin/sh: line 1: ansible-lint: command not found

cmd 'ansible-lint --version' was not executed with the following error: ' Command failed: ansible-lint --version
/bin/sh: line 1: ansible-lint: command not found

cmd 'ansible-lint --version' was not executed with the following error: ' Command failed: ansible-lint --version
/bin/sh: line 1: ansible-lint: command not found

cmd 'ansible-lint --version' was not executed with the following error: ' Command failed: ansible-lint --version
/bin/sh: line 1: ansible-lint: command not found

cmd 'ansible-lint --version' was not executed with the following error: ' Command failed: ansible-lint --version
/bin/sh: line 1: ansible-lint: command not found

cmd 'ansible-lint --version' was not executed with the following error: ' Command failed: ansible-lint --version
/bin/sh: line 1: ansible-lint: command not found

cmd 'ansible-lint --version' was not executed with the following error: ' Command failed: ansible-lint --version
/bin/sh: line 1: ansible-lint: command not found

cmd 'ansible-lint --version' was not executed with the following error: ' Command failed: ansible-lint --version
/bin/sh: line 1: ansible-lint: command not found

Error: Command failed: command -v ansible-lint

    at genericNodeError (node:internal/errors:984:15)
    at wrappedFn (node:internal/errors:538:14)
    at ChildProcess.exithandler (node:child_process:422:12)
    at ChildProcess.emit (node:events:518:28)
    at maybeClose (node:internal/child_process:1104:16)
    at Socket.<anonymous> (node:internal/child_process:456:11)
    at Socket.emit (node:events:518:28)
    at Pipe.<anonymous> (node:net:343:12) {
  code: 1,
  killed: false,
  signal: null,
  cmd: 'command -v ansible-lint',
  stdout: '',
  stderr: ''
}
Path for lint: 
cmd 'ansible-lint --version' was not executed with the following error: ' Command failed: ansible-lint --version
/bin/sh: line 1: ansible-lint: command not found

Error: Command failed: command -v ansible-lint

    at genericNodeError (node:internal/errors:984:15)
    at wrappedFn (node:internal/errors:538:14)
    at ChildProcess.exithandler (node:child_process:422:12)
    at ChildProcess.emit (node:events:518:28)
    at maybeClose (node:internal/child_process:1104:16)
    at Socket.<anonymous> (node:internal/child_process:456:11)
    at Socket.emit (node:events:518:28)
    at Pipe.<anonymous> (node:net:343:12) {
  code: 1,
  killed: false,
  signal: null,
  cmd: 'command -v ansible-lint',
  stdout: '',
  stderr: ''
}
Path for lint: 
cmd 'ansible-lint --version' was not executed with the following error: ' Command failed: ansible-lint --version
/bin/sh: line 1: ansible-lint: command not found

Error: Command failed: command -v ansible-lint

    at genericNodeError (node:internal/errors:984:15)
    at wrappedFn (node:internal/errors:538:14)
    at ChildProcess.exithandler (node:child_process:422:12)
    at ChildProcess.emit (node:events:518:28)
    at maybeClose (node:internal/child_process:1104:16)
    at ChildProcess._handle.onexit (node:internal/child_process:304:5) {
  code: 1,
  killed: false,
  signal: null,
  cmd: 'command -v ansible-lint',
  stdout: '',
  stderr: ''
}
cmd 'ansible-lint --version' was not executed with the following error: ' Command failed: ansible-lint --version
/bin/sh: line 1: ansible-lint: command not found

Path for lint: 
Error: Command failed: command -v ansible-lint

    at genericNodeError (node:internal/errors:984:15)
    at wrappedFn (node:internal/errors:538:14)
    at ChildProcess.exithandler (node:child_process:422:12)
    at ChildProcess.emit (node:events:518:28)
    at maybeClose (node:internal/child_process:1104:16)
    at Socket.<anonymous> (node:internal/child_process:456:11)
    at Socket.emit (node:events:518:28)
    at Pipe.<anonymous> (node:net:343:12) {
  code: 1,
  killed: false,
  signal: null,
  cmd: 'command -v ansible-lint',
  stdout: '',
  stderr: ''
}
Path for lint: 
Error: Command failed: command -v ansible-lint

    at genericNodeError (node:internal/errors:984:15)
    at wrappedFn (node:internal/errors:538:14)
    at ChildProcess.exithandler (node:child_process:422:12)
    at ChildProcess.emit (node:events:518:28)
    at maybeClose (node:internal/child_process:1104:16)
    at Socket.<anonymous> (node:internal/child_process:456:11)
    at Socket.emit (node:events:518:28)
    at Pipe.<anonymous> (node:net:343:12) {
  code: 1,
  killed: false,
  signal: null,
  cmd: 'command -v ansible-lint',
  stdout: '',
  stderr: ''
}
Path for lint: 
cmd 'ansible-lint --version' was not executed with the following error: ' Command failed: ansible-lint --version
/bin/sh: line 1: ansible-lint: command not found

cmd 'ansible-lint --version' was not executed with the following error: ' Command failed: ansible-lint --version
/bin/sh: line 1: ansible-lint: command not found

cmd 'ansible-lint --version' was not executed with the following error: ' Command failed: ansible-lint --version
/bin/sh: line 1: ansible-lint: command not found

cmd 'ansible-lint --version' was not executed with the following error: ' Command failed: ansible-lint --version
/bin/sh: line 1: ansible-lint: command not found

cmd 'ansible-lint --version' was not executed with the following error: ' Command failed: ansible-lint --version
/bin/sh: line 1: ansible-lint: command not found

cmd 'ansible-lint --version' was not executed with the following error: ' Command failed: ansible-lint --version
/bin/sh: line 1: ansible-lint: command not found

Error: Command failed: command -v ansible-lint

    at genericNodeError (node:internal/errors:984:15)
    at wrappedFn (node:internal/errors:538:14)
    at ChildProcess.exithandler (node:child_process:422:12)
    at ChildProcess.emit (node:events:518:28)
    at maybeClose (node:internal/child_process:1104:16)
    at Socket.<anonymous> (node:internal/child_process:456:11)
    at Socket.emit (node:events:518:28)
    at Pipe.<anonymous> (node:net:343:12) {
  code: 1,
  killed: false,
  signal: null,
  cmd: 'command -v ansible-lint',
  stdout: '',
  stderr: ''
}
Path for lint: 
Error: Command failed: command -v ansible-lint

    at genericNodeError (node:internal/errors:984:15)
    at wrappedFn (node:internal/errors:538:14)
    at ChildProcess.exithandler (node:child_process:422:12)
    at ChildProcess.emit (node:events:518:28)
    at maybeClose (node:internal/child_process:1104:16)
    at ChildProcess._handle.onexit (node:internal/child_process:304:5) {
  code: 1,
  killed: false,
  signal: null,
  cmd: 'command -v ansible-lint',
  stdout: '',
  stderr: ''
}
Path for lint: 
Error: Command failed: command -v ansible-lint

    at genericNodeError (node:internal/errors:984:15)
    at wrappedFn (node:internal/errors:538:14)
    at ChildProcess.exithandler (node:child_process:422:12)
    at ChildProcess.emit (node:events:518:28)
    at maybeClose (node:internal/child_process:1104:16)
    at ChildProcess._handle.onexit (node:internal/child_process:304:5) {
  code: 1,
  killed: false,
  signal: null,
  cmd: 'command -v ansible-lint',
  stdout: '',
  stderr: ''
}
Path for lint: 
Error: Command failed: command -v ansible-lint

    at genericNodeError (node:internal/errors:984:15)
    at wrappedFn (node:internal/errors:538:14)
    at ChildProcess.exithandler (node:child_process:422:12)
    at ChildProcess.emit (node:events:518:28)
    at maybeClose (node:internal/child_process:1104:16)
    at ChildProcess._handle.onexit (node:internal/child_process:304:5) {
  code: 1,
  killed: false,
  signal: null,
  cmd: 'command -v ansible-lint',
  stdout: '',
  stderr: ''
}
Path for lint: 
Error: Command failed: command -v ansible-lint

    at genericNodeError (node:internal/errors:984:15)
    at wrappedFn (node:internal/errors:538:14)
    at ChildProcess.exithandler (node:child_process:422:12)
    at ChildProcess.emit (node:events:518:28)
    at maybeClose (node:internal/child_process:1104:16)
    at Socket.<anonymous> (node:internal/child_process:456:11)
    at Socket.emit (node:events:518:28)
    at Pipe.<anonymous> (node:net:343:12) {
  code: 1,
  killed: false,
  signal: null,
  cmd: 'command -v ansible-lint',
  stdout: '',
  stderr: ''
}
Path for lint: 
Error: Command failed: command -v ansible-lint

    at genericNodeError (node:internal/errors:984:15)
    at wrappedFn (node:internal/errors:538:14)
    at ChildProcess.exithandler (node:child_process:422:12)
    at ChildProcess.emit (node:events:518:28)
    at maybeClose (node:internal/child_process:1104:16)
    at ChildProcess._handle.onexit (node:internal/child_process:304:5) {
  code: 1,
  killed: false,
  signal: null,
  cmd: 'command -v ansible-lint',
  stdout: '',
  stderr: ''
}
Path for lint: 
Error: Command failed: command -v ansible-lint

    at genericNodeError (node:internal/errors:984:15)
    at wrappedFn (node:internal/errors:538:14)
    at ChildProcess.exithandler (node:child_process:422:12)
    at ChildProcess.emit (node:events:518:28)
    at maybeClose (node:internal/child_process:1104:16)
    at ChildProcess._handle.onexit (node:internal/child_process:304:5) {
  code: 1,
  killed: false,
  signal: null,
  cmd: 'command -v ansible-lint',
  stdout: '',
  stderr: ''
}
Path for lint: 
Error: Command failed: command -v ansible-lint

    at genericNodeError (node:internal/errors:984:15)
    at wrappedFn (node:internal/errors:538:14)
    at ChildProcess.exithandler (node:child_process:422:12)
    at ChildProcess.emit (node:events:518:28)
    at maybeClose (node:internal/child_process:1104:16)
    at Socket.<anonymous> (node:internal/child_process:456:11)
    at Socket.emit (node:events:518:28)
    at Pipe.<anonymous> (node:net:343:12) {
  code: 1,
  killed: false,
  signal: null,
  cmd: 'command -v ansible-lint',
  stdout: '',
  stderr: ''
}
Path for lint: 
Error: Command failed: command -v ansible-lint

    at genericNodeError (node:internal/errors:984:15)
    at wrappedFn (node:internal/errors:538:14)
    at ChildProcess.exithandler (node:child_process:422:12)
    at ChildProcess.emit (node:events:518:28)
    at maybeClose (node:internal/child_process:1104:16)
    at ChildProcess._handle.onexit (node:internal/child_process:304:5) {
  code: 1,
  killed: false,
  signal: null,
  cmd: 'command -v ansible-lint',
  stdout: '',
  stderr: ''
}
Path for lint: 
Error: Command failed: command -v ansible-lint

    at genericNodeError (node:internal/errors:984:15)
    at wrappedFn (node:internal/errors:538:14)
    at ChildProcess.exithandler (node:child_process:422:12)
    at ChildProcess.emit (node:events:518:28)
    at maybeClose (node:internal/child_process:1104:16)
    at Socket.<anonymous> (node:internal/child_process:456:11)
    at Socket.emit (node:events:518:28)
    at Pipe.<anonymous> (node:net:343:12) {
  code: 1,
  killed: false,
  signal: null,
  cmd: 'command -v ansible-lint',
  stdout: '',
  stderr: ''
}
Path for lint: 
Error: Command failed: command -v ansible-lint

    at genericNodeError (node:internal/errors:984:15)
    at wrappedFn (node:internal/errors:538:14)
    at ChildProcess.exithandler (node:child_process:422:12)
    at ChildProcess.emit (node:events:518:28)
    at maybeClose (node:internal/child_process:1104:16)
    at ChildProcess._handle.onexit (node:internal/child_process:304:5) {
  code: 1,
  killed: false,
  signal: null,
  cmd: 'command -v ansible-lint',
  stdout: '',
  stderr: ''
}
Path for lint: 
Error: Command failed: command -v ansible-lint

    at genericNodeError (node:internal/errors:984:15)
    at wrappedFn (node:internal/errors:538:14)
    at ChildProcess.exithandler (node:child_process:422:12)
    at ChildProcess.emit (node:events:518:28)
    at maybeClose (node:internal/child_process:1104:16)
    at ChildProcess._handle.onexit (node:internal/child_process:304:5) {
  code: 1,
  killed: false,
  signal: null,
  cmd: 'command -v ansible-lint',
  stdout: '',
  stderr: ''
}
Path for lint: 
cmd 'ansible-lint --version' was not executed with the following error: ' Command failed: ansible-lint --version
/bin/sh: line 1: ansible-lint: command not found

cmd 'ansible-lint --version' was not executed with the following error: ' Command failed: ansible-lint --version
/bin/sh: line 1: ansible-lint: command not found

cmd 'ansible-lint --version' was not executed with the following error: ' Command failed: ansible-lint --version
/bin/sh: line 1: ansible-lint: command not found

cmd 'ansible-lint --version' was not executed with the following error: ' Command failed: ansible-lint --version
/bin/sh: line 1: ansible-lint: command not found

cmd 'ansible-lint --version' was not executed with the following error: ' Command failed: ansible-lint --version
/bin/sh: line 1: ansible-lint: command not found

cmd 'ansible-lint --version' was not executed with the following error: ' Command failed: ansible-lint --version
/bin/sh: line 1: ansible-lint: command not found

Error: Command failed: command -v ansible-lint

    at genericNodeError (node:internal/errors:984:15)
    at wrappedFn (node:internal/errors:538:14)
    at ChildProcess.exithandler (node:child_process:422:12)
    at ChildProcess.emit (node:events:518:28)
    at maybeClose (node:internal/child_process:1104:16)
    at Socket.<anonymous> (node:internal/child_process:456:11)
    at Socket.emit (node:events:518:28)
    at Pipe.<anonymous> (node:net:343:12) {
  code: 1,
  killed: false,
  signal: null,
  cmd: 'command -v ansible-lint',
  stdout: '',
  stderr: ''
}
Path for lint: 
cmd 'ansible-lint --version' was not executed with the following error: ' Command failed: ansible-lint --version
/bin/sh: line 1: ansible-lint: command not found

cmd 'ansible-lint --version' was not executed with the following error: ' Command failed: ansible-lint --version
/bin/sh: line 1: ansible-lint: command not found

