2025-01-15 06:28:17.634 [info] [main] Log level: Info
2025-01-15 06:28:17.634 [info] [main] Validating found git in: "git"
2025-01-15 06:28:17.634 [info] [main] Using git "2.47.1" from "git"
2025-01-15 06:28:17.634 [info] [Model][doInitialScan] Initial repository scan started
2025-01-15 06:28:17.634 [info] > git rev-parse --show-toplevel [90ms]
2025-01-15 06:28:17.649 [info] > git rev-parse --git-dir --git-common-dir [26ms]
2025-01-15 06:28:17.658 [info] [Model][openRepository] Opened repository: /home/rj
2025-01-15 06:28:17.756 [info] > git rev-parse --show-toplevel [54ms]
2025-01-15 06:28:17.756 [info] > git config --get commit.template [57ms]
2025-01-15 06:28:18.354 [info] > git check-ignore -v -z --stdin [73ms]
2025-01-15 06:28:19.582 [info] > git for-each-ref --format=%(refname)%00%(upstream:short)%00%(objectname)%00%(upstream:track)%00%(upstream:remotename)%00%(upstream:remoteref) refs/heads/main refs/remotes/main [1794ms]
2025-01-15 06:28:19.757 [info] > git for-each-ref --sort -committerdate --format %(refname) %(objectname) %(*objectname) [38ms]
2025-01-15 06:28:20.213 [info] > git rev-parse --show-toplevel [5ms]
2025-01-15 06:28:20.240 [info] > git status -z -uall [535ms]
2025-01-15 06:28:20.240 [info] > git rev-parse --show-toplevel [21ms]
2025-01-15 06:28:20.307 [info] > git for-each-ref --format=%(refname)%00%(upstream:short)%00%(objectname)%00%(upstream:track)%00%(upstream:remotename)%00%(upstream:remoteref) refs/heads/main refs/remotes/main [24ms]
2025-01-15 06:28:20.330 [info] > git rev-parse --show-toplevel [35ms]
2025-01-15 06:28:20.356 [info] > git config --get commit.template [36ms]
2025-01-15 06:28:20.356 [info] > git config --local branch.main.vscode-merge-base [44ms]
2025-01-15 06:28:20.356 [warning] [Git][config] git config failed: Failed to execute git
2025-01-15 06:28:20.481 [info] > git reflog main --grep-reflog=branch: Created from *. [113ms]
2025-01-15 06:28:20.483 [info] > git rev-parse --show-toplevel [142ms]
2025-01-15 06:28:20.511 [info] > git symbolic-ref --short refs/remotes/origin/HEAD [27ms]
2025-01-15 06:28:20.511 [info] fatal: ref refs/remotes/origin/HEAD is not a symbolic ref
2025-01-15 06:28:20.511 [warning] [Repository][getDefaultBranch] Failed to get default branch details: Failed to execute git.
2025-01-15 06:28:20.516 [info] > git rev-parse --show-toplevel [21ms]
2025-01-15 06:28:20.517 [info] > git for-each-ref --format=%(refname)%00%(upstream:short)%00%(objectname)%00%(upstream:track)%00%(upstream:remotename)%00%(upstream:remoteref) refs/heads/main refs/remotes/main [24ms]
2025-01-15 06:28:20.525 [info] > git rev-parse --show-toplevel [1ms]
2025-01-15 06:28:20.535 [info] > git merge-base refs/heads/main refs/remotes/origin/main [21ms]
2025-01-15 06:28:20.558 [info] > git diff --name-status -z --diff-filter=ADMR e65ff57b2752e47fddfa02672c5c07f670bfbb2e...refs/remotes/origin/main [10ms]
2025-01-15 06:28:20.559 [info] > git for-each-ref --sort -committerdate --format %(refname) %(objectname) %(*objectname) [2ms]
2025-01-15 06:28:20.560 [info] > git rev-parse --show-toplevel [10ms]
2025-01-15 06:28:20.592 [info] > git rev-parse --show-toplevel [22ms]
2025-01-15 06:28:20.662 [info] > git rev-parse --show-toplevel [15ms]
2025-01-15 06:28:20.683 [info] > git rev-parse --show-toplevel [9ms]
2025-01-15 06:28:20.701 [info] > git rev-parse --show-toplevel [1ms]
2025-01-15 06:28:20.713 [info] > git rev-parse --show-toplevel [1ms]
2025-01-15 06:28:20.775 [info] > git rev-parse --show-toplevel [56ms]
2025-01-15 06:28:20.787 [info] > git rev-parse --show-toplevel [3ms]
2025-01-15 06:28:20.827 [info] > git rev-parse --show-toplevel [32ms]
2025-01-15 06:28:20.837 [info] > git rev-parse --show-toplevel [1ms]
2025-01-15 06:28:20.873 [info] > git rev-parse --show-toplevel [0ms]
2025-01-15 06:28:20.881 [info] > git status -z -uall [327ms]
2025-01-15 06:28:20.887 [info] > git rev-parse --show-toplevel [7ms]
2025-01-15 06:28:21.083 [info] > git rev-parse --show-toplevel [1ms]
2025-01-15 06:28:21.093 [info] > git rev-parse --show-toplevel [1ms]
2025-01-15 06:28:21.108 [info] [Model][doInitialScan] Initial repository scan completed - repositories (1), closed repositories (0), parent repositories (0), unsafe repositories (0)
2025-01-15 06:28:21.156 [info] > git show --textconv :Playbooks/testing.yml [22ms]
2025-01-15 06:28:21.157 [info] > git ls-files --stage -- /home/rj/Playbooks/testing.yml [8ms]
2025-01-15 06:28:21.161 [info] > git cat-file -s 80d279dad653072ac3df1f5779cec33e649b1fd7 [0ms]
2025-01-15 06:28:21.549 [info] > git blame --root --incremental e65ff57b2752e47fddfa02672c5c07f670bfbb2e -- /home/rj/Playbooks/testing.yml [187ms]
2025-01-15 06:28:21.574 [info] > git show --textconv HEAD:Playbooks/testing.yml [12ms]
2025-01-15 06:28:21.576 [info] > git ls-tree -l HEAD -- /home/rj/Playbooks/testing.yml [6ms]
2025-01-15 06:28:42.087 [info] > git config --get commit.template [2ms]
2025-01-15 06:28:42.088 [info] > git for-each-ref --format=%(refname)%00%(upstream:short)%00%(objectname)%00%(upstream:track)%00%(upstream:remotename)%00%(upstream:remoteref) refs/heads/main refs/remotes/main [2ms]
2025-01-15 06:28:42.095 [info] > git for-each-ref --sort -committerdate --format %(refname) %(objectname) %(*objectname) [1ms]
2025-01-15 06:28:42.196 [info] > git status -z -uall [106ms]
2025-01-15 06:28:42.204 [info] > git blame --root --incremental bc54f0a725551616757bbfbbc043bc521f7585cb -- /home/rj/Playbooks/testing.yml [4ms]
2025-01-15 06:28:42.207 [info] > git merge-base refs/heads/main refs/remotes/origin/main [3ms]
2025-01-15 06:28:42.212 [info] > git diff --name-status -z --diff-filter=ADMR e65ff57b2752e47fddfa02672c5c07f670bfbb2e...refs/remotes/origin/main [2ms]
2025-01-15 06:29:09.755 [info] > git config --get commit.template [31ms]
2025-01-15 06:29:09.802 [info] > git for-each-ref --format=%(refname)%00%(upstream:short)%00%(objectname)%00%(upstream:track)%00%(upstream:remotename)%00%(upstream:remoteref) refs/heads/main refs/remotes/main [35ms]
2025-01-15 06:29:09.915 [info] > git for-each-ref --sort -committerdate --format %(refname) %(objectname) %(*objectname) [103ms]
2025-01-15 06:29:09.980 [info] > git status -z -uall [174ms]
2025-01-15 06:29:09.987 [info] > git merge-base refs/heads/main refs/remotes/origin/main [2ms]
2025-01-15 06:29:09.992 [info] > git diff --name-status -z --diff-filter=ADMR bc54f0a725551616757bbfbbc043bc521f7585cb...refs/remotes/origin/main [1ms]
2025-01-15 06:29:11.038 [info] > git ls-files --stage -- /home/rj/Playbooks/testing.yml [6ms]
2025-01-15 06:29:11.042 [info] > git cat-file -s 80d279dad653072ac3df1f5779cec33e649b1fd7 [2ms]
2025-01-15 06:29:11.051 [info] > git show --textconv :Playbooks/testing.yml [0ms]
2025-01-15 06:33:25.324 [info] > git show --textconv :Playbooks/timeserver.yml [9ms]
2025-01-15 06:33:25.325 [info] > git ls-files --stage -- /home/rj/Playbooks/timeserver.yml [1ms]
2025-01-15 06:33:25.590 [info] > git check-ignore -v -z --stdin [2ms]
2025-01-15 06:33:41.398 [info] > git blame --root --incremental bc54f0a725551616757bbfbbc043bc521f7585cb -- /home/rj/Playbooks/timeserver.yml [2ms]
2025-01-15 06:33:41.398 [info] fatal: no such path Playbooks/timeserver.yml in bc54f0a725551616757bbfbbc043bc521f7585cb
2025-01-15 06:35:39.550 [info] > git show --textconv :Playbooks/testing.yml [11ms]
2025-01-15 06:35:39.551 [info] > git ls-files --stage -- /home/rj/Playbooks/testing.yml [9ms]
2025-01-15 06:35:39.554 [info] > git cat-file -s 80d279dad653072ac3df1f5779cec33e649b1fd7 [1ms]
2025-01-15 06:35:50.834 [info] > git show --textconv :Playbooks/timeserver.yml [6ms]
2025-01-15 06:35:50.840 [info] > git ls-files --stage -- /home/rj/Playbooks/timeserver.yml [7ms]
2025-01-15 06:36:43.007 [info] > git show --textconv :Playbooks/RestartVMs.yml [6ms]
2025-01-15 06:36:43.015 [info] > git ls-files --stage -- /home/rj/Playbooks/RestartVMs.yml [9ms]
2025-01-15 06:36:43.279 [info] > git check-ignore -v -z --stdin [5ms]
2025-01-15 06:36:47.245 [info] > git blame --root --incremental bc54f0a725551616757bbfbbc043bc521f7585cb -- /home/rj/Playbooks/RestartVMs.yml [1ms]
2025-01-15 06:36:47.245 [info] fatal: no such path Playbooks/RestartVMs.yml in bc54f0a725551616757bbfbbc043bc521f7585cb
2025-01-15 06:38:40.127 [info] > git ls-files --stage -- /home/rj/Playbooks/timeserver.yml [1ms]
2025-01-15 06:38:40.132 [info] > git show --textconv :Playbooks/timeserver.yml [16ms]
2025-01-15 06:38:40.954 [info] > git show --textconv :Playbooks/testing.yml [4ms]
2025-01-15 06:38:40.957 [info] > git ls-files --stage -- /home/rj/Playbooks/testing.yml [3ms]
2025-01-15 06:38:40.960 [info] > git cat-file -s 80d279dad653072ac3df1f5779cec33e649b1fd7 [1ms]
2025-01-15 06:38:45.906 [info] > git check-ignore -v -z --stdin [53ms]
2025-01-15 06:38:47.984 [info] > git log --format=%H%n%aN%n%aE%n%at%n%ct%n%P%n%D%n%B -z --shortstat --diff-merges=first-parent -n50 --skip=0 --topo-order --decorate=full --stdin [3144ms]
