2025-01-15 00:57:41.029 [info] Experiment 'pythonRecommendTensorboardExt' is active
2025-01-15 00:57:41.029 [info] Experiment 'pythonTerminalEnvVarActivation' is active
2025-01-15 00:57:41.029 [info] Experiment 'pythonTestAdapter' is active
2025-01-15 00:57:41.029 [warning] Dir "/home/rj/.pixi/envs" is not watchable (directory does not exist)
2025-01-15 00:57:41.029 [info] Starting Environment refresh
2025-01-15 00:57:41.029 [info] > hatch env show --json
2025-01-15 00:57:41.029 [info] cwd: .
2025-01-15 00:57:41.078 [info] Starting Environment refresh
2025-01-15 00:57:41.093 [info] > C:\Users\rmaur\AppData\Local\Programs\Python\Python312\python.exe -I ./.vscode-server/extensions/ms-python.python-2024.22.2-linux-x64/python_files/get_output_via_markers.py ./.vscode-server/extensions/ms-python.python-2024.22.2-linux-x64/python_files/interpreterInfo.py
2025-01-15 00:57:41.134 [error] [Error: Command failed: C:\Users\rmaur\AppData\Local\Programs\Python\Python312\python.exe -I /home/rj/.vscode-server/extensions/ms-python.python-2024.22.2-linux-x64/python_files/get_output_via_markers.py /home/rj/.vscode-server/extensions/ms-python.python-2024.22.2-linux-x64/python_files/interpreterInfo.py
/bin/sh: line 1: C:UsersrmaurAppDataLocalProgramsPythonPython312python.exe: command not found

	at genericNodeError (node:internal/errors:984:15)
	at wrappedFn (node:internal/errors:538:14)
	at ChildProcess.exithandler (node:child_process:422:12)
	at ChildProcess.emit (node:events:530:35)
	at maybeClose (node:internal/child_process:1104:16)
	at ChildProcess._handle.onexit (node:internal/child_process:304:5)] {
  code: 127,
  killed: false,
  signal: null,
  cmd: 'C:\\Users\\rmaur\\AppData\\Local\\Programs\\Python\\Python312\\python.exe -I /home/rj/.vscode-server/extensions/ms-python.python-2024.22.2-linux-x64/python_files/get_output_via_markers.py /home/rj/.vscode-server/extensions/ms-python.python-2024.22.2-linux-x64/python_files/interpreterInfo.py'
}
2025-01-15 00:57:41.157 [info] > ./ansible-env/bin/python -I ./.vscode-server/extensions/ms-python.python-2024.22.2-linux-x64/python_files/get_output_via_markers.py ./.vscode-server/extensions/ms-python.python-2024.22.2-linux-x64/python_files/interpreterInfo.py
2025-01-15 00:57:41.157 [info] Environments refresh paths discovered: 373 milliseconds
2025-01-15 00:57:41.162 [info] Environments refresh paths discovered: 84 milliseconds
2025-01-15 00:57:43.135 [info] > C:\Users\rmaur\AppData\Local\Programs\Python\Python312\python.exe -I ./.vscode-server/extensions/ms-python.python-2024.22.2-linux-x64/python_files/get_output_via_markers.py ./.vscode-server/extensions/ms-python.python-2024.22.2-linux-x64/python_files/interpreterInfo.py
2025-01-15 00:57:43.137 [error] [Error: Command failed: C:\Users\rmaur\AppData\Local\Programs\Python\Python312\python.exe -I /home/rj/.vscode-server/extensions/ms-python.python-2024.22.2-linux-x64/python_files/get_output_via_markers.py /home/rj/.vscode-server/extensions/ms-python.python-2024.22.2-linux-x64/python_files/interpreterInfo.py
/bin/sh: line 1: C:UsersrmaurAppDataLocalProgramsPythonPython312python.exe: command not found

	at genericNodeError (node:internal/errors:984:15)
	at wrappedFn (node:internal/errors:538:14)
	at ChildProcess.exithandler (node:child_process:422:12)
	at ChildProcess.emit (node:events:530:35)
	at maybeClose (node:internal/child_process:1104:16)
	at ChildProcess._handle.onexit (node:internal/child_process:304:5)] {
  code: 127,
  killed: false,
  signal: null,
  cmd: 'C:\\Users\\rmaur\\AppData\\Local\\Programs\\Python\\Python312\\python.exe -I /home/rj/.vscode-server/extensions/ms-python.python-2024.22.2-linux-x64/python_files/get_output_via_markers.py /home/rj/.vscode-server/extensions/ms-python.python-2024.22.2-linux-x64/python_files/interpreterInfo.py'
}
2025-01-15 00:57:43.137 [info] Environments refresh finished (event): 2353 milliseconds
2025-01-15 00:57:43.137 [info] Environments refresh finished (event): 2059 milliseconds
2025-01-15 00:57:43.138 [info] Environment refresh took 2355 milliseconds
2025-01-15 00:57:43.138 [info] Environment refresh took 2060 milliseconds
2025-01-15 00:57:43.140 [info] > pyenv which python
2025-01-15 00:57:43.140 [info] cwd: .
2025-01-15 00:57:43.145 [info] Python interpreter path: ./ansible-env/bin/python
2025-01-15 00:57:43.607 [info] > . ./ansible-env/bin/activate && echo 'e8b39361-0157-4923-80e1-22d70d46dee6' && python ./.vscode-server/extensions/ms-python.python-2024.22.2-linux-x64/python_files/printEnvVariables.py
2025-01-15 00:57:43.607 [info] shell: bash
2025-01-15 00:57:43.639 [info] > python ./.vscode-server/extensions/ms-python.python-2024.22.2-linux-x64/python_files/printEnvVariables.py
2025-01-15 00:57:43.639 [info] shell: bash
2025-01-15 00:57:43.650 [info] Setting environment variable VIRTUAL_ENV in collection to /home/rj/ansible-env {"applyAtShellIntegration":true,"applyAtProcessCreation":true}
2025-01-15 00:57:43.650 [info] Setting environment variable VIRTUAL_ENV_PROMPT in collection to (ansible-env)  {"applyAtShellIntegration":true,"applyAtProcessCreation":true}
2025-01-15 00:57:43.650 [info] Prepending environment variable PS1 in collection with (ansible-env)  {"applyAtShellIntegration":true,"applyAtProcessCreation":false}
2025-01-15 00:57:43.650 [info] Prepending environment variable PATH in collection with /home/rj/.vscode-server/extensions/ms-python.python-2024.22.2-linux-x64/python_files/deactivate/bash:/home/rj/ansible-env/bin: {"applyAtShellIntegration":true,"applyAtProcessCreation":true}
2025-01-15 00:57:43.651 [info] Send text to terminal: python /home/rj/.vscode-server/extensions/ms-python.python-2024.22.2-linux-x64/python_files/printEnvVariablesToFile.py /home/rj/.vscode-server/extensions/ms-python.python-2024.22.2-linux-x64/python_files/deactivate/bash/envVars.txt
2025-01-15 00:57:44.379 [info] Starting Pylance language server.
2025-01-15 00:57:45.441 [info] Discover tests for workspace name: undefined - uri: c:/Users/rmaur/AppData/Roaming/Code/User/settings.json
2025-01-15 00:59:09.791 [info] Discover tests for workspace name: undefined - uri: c:/Users/rmaur/AppData/Roaming/Code/User/settings.json
