2025-01-15 00:56:55.896 [info] Extension host with pid 25004 started
2025-01-15 00:56:55.896 [info] Eager extensions activated
2025-01-15 00:56:55.915 [info] Lock '/home/rj/.vscode-server/data/User/workspaceStorage/ffdbee28c1af6aeb2512c006e1688132/vscode.lock': Lock acquired.
2025-01-15 00:56:57.514 [info] ExtensionService#_doActivateExtension vscode.debug-auto-launch, startup: false, activationEvent: 'onStartupFinished'
2025-01-15 00:56:57.516 [info] ExtensionService#_doActivateExtension vscode.git-base, startup: false, activationEvent: '*', root cause: vscode.git
2025-01-15 00:56:57.516 [info] ExtensionService#_doActivateExtension vscode.merge-conflict, startup: false, activationEvent: 'onStartupFinished'
2025-01-15 00:56:57.594 [info] ExtensionService#_doActivateExtension vscode.git, startup: false, activationEvent: '*'
2025-01-15 00:56:57.594 [info] ExtensionService#_doActivateExtension vscode.github, startup: false, activationEvent: '*'
2025-01-15 00:57:02.163 [info] ExtensionService#_doActivateExtension vscode.emmet, startup: false, activationEvent: 'onLanguage'
2025-01-15 00:57:39.981 [info] ExtensionService#_doActivateExtension redhat.vscode-yaml, startup: false, activationEvent: 'onLanguage:yaml'
2025-01-15 00:57:39.982 [info] ExtensionService#_doActivateExtension ms-python.python, startup: false, activationEvent: 'onLanguage:yaml', root cause: redhat.ansible
2025-01-15 00:57:40.805 [info] ExtensionService#_doActivateExtension redhat.ansible, startup: false, activationEvent: 'onLanguage:yaml'
2025-01-15 00:57:41.027 [warning] [redhat.vscode-yaml] Accessing a resource scoped configuration without providing a resource is not expected. To get the effective value for '[yaml]', provide the URI of a resource or 'null' for any resource.
2025-01-15 00:57:41.033 [warning] [redhat.vscode-yaml] Accessing a resource scoped configuration without providing a resource is not expected. To get the effective value for '[yaml]', provide the URI of a resource or 'null' for any resource.
2025-01-15 00:57:43.155 [info] ExtensionService#_doActivateExtension ms-python.vscode-pylance, startup: false, activationEvent: 'api', root cause: ms-python.python
2025-01-15 00:57:45.027 [info] ExtensionService#_doActivateExtension vscode.configuration-editing, startup: false, activationEvent: 'onLanguage:jsonc'
2025-01-15 00:57:45.028 [info] ExtensionService#_doActivateExtension vscode.json-language-features, startup: false, activationEvent: 'onLanguage:jsonc'
2025-01-15 00:57:45.028 [info] ExtensionService#_doActivateExtension vscode.typescript-language-features, startup: false, activationEvent: 'onLanguage:jsonc'
2025-01-15 00:57:45.222 [warning] [redhat.vscode-yaml] Accessing a resource scoped configuration without providing a resource is not expected. To get the effective value for '[yaml]', provide the URI of a resource or 'null' for any resource.
2025-01-15 00:57:46.842 [error] EntryNotFound (FileSystemError): Error: ENOENT: no such file or directory, unlink '/home/rj/.vscode-server/data/User/globalStorage/vscode-redhat-telemetry/redhat.optin.json'
	at Qi.e (file:///home/rj/.vscode-server/cli/servers/Stable-91fbdddc47bc9c09064bf7acf133d22631cbf083/server/out/vs/workbench/api/node/extensionHostProcess.js:115:9057)
	at Object.delete (file:///home/rj/.vscode-server/cli/servers/Stable-91fbdddc47bc9c09064bf7acf133d22631cbf083/server/out/vs/workbench/api/node/extensionHostProcess.js:115:8151)
2025-01-15 00:59:09.794 [warning] [redhat.vscode-yaml] Accessing a resource scoped configuration without providing a resource is not expected. To get the effective value for '[yaml]', provide the URI of a resource or 'null' for any resource.
2025-01-15 01:38:13.354 [info] Extension host terminating: renderer disconnected for too long (2)
2025-01-15 01:38:13.360 [info] Lock '/home/rj/.vscode-server/data/User/workspaceStorage/ffdbee28c1af6aeb2512c006e1688132/vscode.lock': Marking the lockfile as scheduled to be released in 6000 ms.
2025-01-15 01:38:13.461 [error] Canceled: Canceled
	at Fc (file:///home/rj/.vscode-server/cli/servers/Stable-91fbdddc47bc9c09064bf7acf133d22631cbf083/server/out/vs/workbench/api/node/extensionHostProcess.js:7:1122)
	at file:///home/rj/.vscode-server/cli/servers/Stable-91fbdddc47bc9c09064bf7acf133d22631cbf083/server/out/vs/workbench/api/node/extensionHostProcess.js:32:154927
	at Array.forEach (<anonymous>)
	at Dy.dispose (file:///home/rj/.vscode-server/cli/servers/Stable-91fbdddc47bc9c09064bf7acf133d22631cbf083/server/out/vs/workbench/api/node/extensionHostProcess.js:32:154867)
	at zz.terminate (file:///home/rj/.vscode-server/cli/servers/Stable-91fbdddc47bc9c09064bf7acf133d22631cbf083/server/out/vs/workbench/api/node/extensionHostProcess.js:119:10082)
	at Q3.terminate (file:///home/rj/.vscode-server/cli/servers/Stable-91fbdddc47bc9c09064bf7acf133d22631cbf083/server/out/vs/workbench/api/node/extensionHostProcess.js:120:1424)
	at Zi (file:///home/rj/.vscode-server/cli/servers/Stable-91fbdddc47bc9c09064bf7acf133d22631cbf083/server/out/vs/workbench/api/node/extensionHostProcess.js:175:15080)
	at C5.a (file:///home/rj/.vscode-server/cli/servers/Stable-91fbdddc47bc9c09064bf7acf133d22631cbf083/server/out/vs/workbench/api/node/extensionHostProcess.js:175:11993)
	at C5.h (file:///home/rj/.vscode-server/cli/servers/Stable-91fbdddc47bc9c09064bf7acf133d22631cbf083/server/out/vs/workbench/api/node/extensionHostProcess.js:31:75719)
	at listOnTimeout (node:internal/timers:581:17)
	at process.processTimers (node:internal/timers:519:7) ansible.lightspeed.oauth {"value":"redhat.ansible","_lower":"redhat.ansible"}
2025-01-15 01:38:13.464 [error] Canceled: Canceled
	at new IT (file:///home/rj/.vscode-server/cli/servers/Stable-91fbdddc47bc9c09064bf7acf133d22631cbf083/server/out/vs/workbench/api/node/extensionHostProcess.js:32:153476)
	at Dy.U (file:///home/rj/.vscode-server/cli/servers/Stable-91fbdddc47bc9c09064bf7acf133d22631cbf083/server/out/vs/workbench/api/node/extensionHostProcess.js:32:158086)
	at s.<computed>.n.charCodeAt.s.<computed> (file:///home/rj/.vscode-server/cli/servers/Stable-91fbdddc47bc9c09064bf7acf133d22631cbf083/server/out/vs/workbench/api/node/extensionHostProcess.js:32:155580)
	at Fb.showMessage (file:///home/rj/.vscode-server/cli/servers/Stable-91fbdddc47bc9c09064bf7acf133d22631cbf083/server/out/vs/workbench/api/node/extensionHostProcess.js:138:177610)
	at Object.showErrorMessage (file:///home/rj/.vscode-server/cli/servers/Stable-91fbdddc47bc9c09064bf7acf133d22631cbf083/server/out/vs/workbench/api/node/extensionHostProcess.js:157:47267)
	at /home/rj/.vscode-server/extensions/redhat.ansible-25.1.0/out/client/src/extension.js:2:575341
	at process.processTicksAndRejections (node:internal/process/task_queues:95:5)
	at async cw.h (file:///home/rj/.vscode-server/cli/servers/Stable-91fbdddc47bc9c09064bf7acf133d22631cbf083/server/out/vs/workbench/api/node/extensionHostProcess.js:115:32825) ansible.lightspeed.oauth {"value":"redhat.ansible","_lower":"redhat.ansible"}
2025-01-15 01:38:13.497 [error] Error: Channel has been closed
	at s (file:///home/rj/.vscode-server/cli/servers/Stable-91fbdddc47bc9c09064bf7acf133d22631cbf083/server/out/vs/workbench/api/node/extensionHostProcess.js:121:2431)
	at Object.appendLine (file:///home/rj/.vscode-server/cli/servers/Stable-91fbdddc47bc9c09064bf7acf133d22631cbf083/server/out/vs/workbench/api/node/extensionHostProcess.js:121:2570)
	at D.logOutputMessage (/home/rj/.vscode-server/cli/servers/Stable-91fbdddc47bc9c09064bf7acf133d22631cbf083/server/extensions/json-language-features/client/dist/node/jsonClientMain.js:1:285192)
	at D.info (/home/rj/.vscode-server/cli/servers/Stable-91fbdddc47bc9c09064bf7acf133d22631cbf083/server/extensions/json-language-features/client/dist/node/jsonClientMain.js:1:284925)
	at ChildProcess.<anonymous> (/home/rj/.vscode-server/cli/servers/Stable-91fbdddc47bc9c09064bf7acf133d22631cbf083/server/extensions/json-language-features/client/dist/node/jsonClientMain.js:1:503028)
	at ChildProcess.emit (node:events:518:28)
	at ChildProcess._handle.onexit (node:internal/child_process:293:12)
2025-01-15 01:38:13.654 [info] Extension host with pid 25004 exiting with code 0
