2025-01-15 01:33:17.539 [info] [ansible-lightspeed-user] Initializing LightspeedUser for Lightspeed URI https://c.ai.ansible.redhat.com and extension host Remote
2025-01-15 01:33:17.539 [info] [ansible-lightspeed-user] Red Hat authentication extension is not installed.
2025-01-15 05:49:35.711 [info] [ansible-lightspeed-user] Sending request for logged-in user info...
2025-01-15 05:49:35.712 [info] [ansible-lightspeed-user] Sending request for logged-in user info...
2025-01-15 05:49:35.712 [info] [ansible-lightspeed-user] Sending request for logged-in user info...
2025-01-15 05:49:35.712 [info] [ansible-lightspeed-user] Sending request for logged-in user info...
2025-01-15 05:49:36.062 [info] [ansible-lightspeed-user] Sending request for logged-in user info...
2025-01-15 05:49:36.167 [info] [ansible-lightspeed-user] Sending request for logged-in user info...
2025-01-15 05:49:36.202 [info] [ansible-lightspeed-user] Sending request for logged-in user info...
2025-01-15 05:49:36.302 [info] [ansible-lightspeed-user] Sending request for logged-in user info...
2025-01-15 05:49:44.990 [info] [ansible-lightspeed-user] Getting access token...
2025-01-15 05:49:44.990 [info] [ansible-lightspeed-user] Session found for auth provider "auth-lightspeed" with scopes ""
2025-01-15 05:49:45.031 [info] [ansible-lightspeed-user] User "rmauro808@gmail.com (unlicensed)" does not have a seat.
2025-01-15 05:50:19.999 [info] [ansible-lightspeed-user] Getting access token...
2025-01-15 05:50:19.999 [info] [ansible-lightspeed-user] Session found for auth provider "auth-lightspeed" with scopes ""
2025-01-15 05:50:24.917 [info] [ansible-lightspeed-user] Getting access token...
2025-01-15 05:50:24.917 [info] [ansible-lightspeed-user] Session found for auth provider "auth-lightspeed" with scopes ""
2025-01-15 05:50:34.927 [info] [ansible-lightspeed-user] Getting access token...
2025-01-15 05:50:34.927 [info] [ansible-lightspeed-user] Session found for auth provider "auth-lightspeed" with scopes ""
2025-01-15 05:50:34.943 [info] [ansible-lightspeed-user] User "rmauro808@gmail.com (unlicensed)" does not have a seat.
2025-01-15 05:51:00.242 [info] [ansible-lightspeed-user] Getting access token...
2025-01-15 05:51:00.242 [info] [ansible-lightspeed-user] Session found for auth provider "auth-lightspeed" with scopes ""
2025-01-15 05:51:12.129 [info] [ansible-lightspeed-user] Sending request for logged-in user info...
2025-01-15 05:51:12.992 [info] [ansible-lightspeed-user] Sending request for logged-in user info...
2025-01-15 05:51:13.172 [info] [ansible-lightspeed-user] Sending request for logged-in user info...
2025-01-15 05:51:13.373 [info] [ansible-lightspeed-user] Sending request for logged-in user info...
2025-01-15 05:51:14.661 [info] [ansible-lightspeed-user] Getting access token...
2025-01-15 05:51:14.661 [info] [ansible-lightspeed-user] Session found for auth provider "auth-lightspeed" with scopes ""
2025-01-15 05:51:14.665 [info] [ansible-lightspeed-user] User "rmauro808@gmail.com (unlicensed)" does not have a seat.
2025-01-15 05:51:17.325 [info] [ansible-lightspeed-user] Getting access token...
2025-01-15 05:51:17.325 [info] [ansible-lightspeed-user] Session found for auth provider "auth-lightspeed" with scopes ""
2025-01-15 05:51:17.325 [info] [ansible-lightspeed-user] Getting access token...
2025-01-15 05:51:17.325 [info] [ansible-lightspeed-user] Session found for auth provider "auth-lightspeed" with scopes ""
2025-01-15 05:51:17.358 [info] [ansible-lightspeed-user] User "rmauro808@gmail.com (unlicensed)" does not have a seat.
2025-01-15 05:51:27.175 [info] [ansible-lightspeed-user] Sending request for logged-in user info...
2025-01-15 05:51:27.655 [info] [ansible-lightspeed-user] Sending request for logged-in user info...
