2025-01-15 06:28:15.938 [info] Extension host with pid 85676 started
2025-01-15 06:28:15.938 [error] Error: EEXIST: file already exists, open '/home/rj/.vscode-server/data/User/workspaceStorage/ffdbee28c1af6aeb2512c006e1688132/vscode.lock'
2025-01-15 06:28:15.974 [info] Lock '/home/rj/.vscode-server/data/User/workspaceStorage/ffdbee28c1af6aeb2512c006e1688132/vscode.lock': Could not acquire lock, checking if the file is stale.
2025-01-15 06:28:15.983 [info] ExtensionService#_doActivateExtension vscode.git-base, startup: false, activationEvent: '*', root cause: vscode.git
2025-01-15 06:28:15.984 [info] ExtensionService#_doActivateExtension vscode.emmet, startup: false, activationEvent: 'onLanguage'
2025-01-15 06:28:15.985 [info] ExtensionService#_doActivateExtension ms-python.python, startup: false, activationEvent: 'onLanguage:ansible', root cause: redhat.ansible
2025-01-15 06:28:15.985 [info] ExtensionService#_doActivateExtension redhat.vscode-yaml, startup: false, activationEvent: 'onLanguage:ansible', root cause: redhat.ansible
2025-01-15 06:28:16.672 [info] Lock '/home/rj/.vscode-server/data/User/workspaceStorage/ffdbee28c1af6aeb2512c006e1688132/vscode.lock': The pid 67119 appears to be gone.
2025-01-15 06:28:16.673 [info] Lock '/home/rj/.vscode-server/data/User/workspaceStorage/ffdbee28c1af6aeb2512c006e1688132/vscode.lock': Deleting a stale lock.
2025-01-15 06:28:16.699 [info] Lock '/home/rj/.vscode-server/data/User/workspaceStorage/ffdbee28c1af6aeb2512c006e1688132/vscode.lock': Lock acquired.
2025-01-15 06:28:16.802 [info] ExtensionService#_doActivateExtension vscode.git, startup: false, activationEvent: '*'
2025-01-15 06:28:16.804 [info] ExtensionService#_doActivateExtension vscode.github, startup: false, activationEvent: '*'
2025-01-15 06:28:17.074 [info] Eager extensions activated
2025-01-15 06:28:17.079 [info] ExtensionService#_doActivateExtension vscode.debug-auto-launch, startup: false, activationEvent: 'onStartupFinished'
2025-01-15 06:28:17.079 [info] ExtensionService#_doActivateExtension vscode.merge-conflict, startup: false, activationEvent: 'onStartupFinished'
2025-01-15 06:28:17.365 [info] ExtensionService#_doActivateExtension redhat.ansible, startup: false, activationEvent: 'onLanguage:ansible'
2025-01-15 06:28:17.624 [warning] [redhat.vscode-yaml] Accessing a resource scoped configuration without providing a resource is not expected. To get the effective value for '[yaml]', provide the URI of a resource or 'null' for any resource.
2025-01-15 06:28:17.642 [warning] [redhat.vscode-yaml] Accessing a resource scoped configuration without providing a resource is not expected. To get the effective value for '[yaml]', provide the URI of a resource or 'null' for any resource.
2025-01-15 06:28:17.803 [info] ExtensionService#_doActivateExtension ms-python.vscode-pylance, startup: false, activationEvent: 'api', root cause: ms-python.python
2025-01-15 06:29:02.580 [info] ExtensionService#_doActivateExtension vscode.npm, startup: false, activationEvent: 'onTerminalQuickFixRequest:ms-vscode.npm-command'
2025-01-15 06:29:08.241 [info] ExtensionService#_doActivateExtension vscode.configuration-editing, startup: false, activationEvent: 'onLanguage:json'
2025-01-15 06:29:08.241 [info] ExtensionService#_doActivateExtension vscode.extension-editing, startup: false, activationEvent: 'onLanguage:json'
2025-01-15 06:29:08.241 [info] ExtensionService#_doActivateExtension vscode.json-language-features, startup: false, activationEvent: 'onLanguage:json'
2025-01-15 06:38:45.346 [warning] [redhat.vscode-yaml] Accessing a resource scoped configuration without providing a resource is not expected. To get the effective value for '[yaml]', provide the URI of a resource or 'null' for any resource.
