2025-01-15 06:28:20.721 [info] (Client) Pylance async client (2024.12.1) started with python extension (2024.22.2)
2025-01-15 06:28:22.139 [info] [Info  - 6:28:22 AM] (85903) Server root directory: file:///home/rj/.vscode-server/extensions/ms-python.vscode-pylance-2024.12.1/dist
2025-01-15 06:28:22.140 [info] [Info  - 6:28:22 AM] (85903) Pylance language server 2024.12.1 (pyright version 1.1.389, commit ce1325fc) starting
2025-01-15 06:28:22.140 [info] [Info  - 6:28:22 AM] (85903) Starting service instance "rj"
2025-01-15 06:28:22.316 [info] [Info  - 6:28:22 AM] (85903) Setting environmentName for service "rj": "3.12.8 (ansible-env venv)"
2025-01-15 06:28:22.316 [info] [Info  - 6:28:22 AM] (85903) Setting pythonPath for service "rj": "/home/rj/ansible-env/bin/python"
2025-01-15 06:28:22.316 [info] [Info  - 6:28:22 AM] (85903) No include entries specified; assuming /home/rj
2025-01-15 06:28:22.316 [info] [Info  - 6:28:22 AM] (85903) Auto-excluding **/node_modules
2025-01-15 06:28:22.316 [info] [Info  - 6:28:22 AM] (85903) Auto-excluding **/__pycache__
2025-01-15 06:28:22.316 [info] [Info  - 6:28:22 AM] (85903) Auto-excluding **/.*
2025-01-15 06:28:22.689 [info] [Info  - 6:28:22 AM] (85903) Assuming Python version 3.12.8.final.0
2025-01-15 06:28:22.843 [info] [Info  - 6:28:22 AM] (85903) Auto-excluding /home/rj/ansible-env
2025-01-15 06:28:22.847 [info] [Info  - 6:28:22 AM] (85903) No source files found.
2025-01-15 06:28:23.455 [info] [Info  - 6:28:23 AM] (85903) Background analysis(1) root directory: file:///home/rj/.vscode-server/extensions/ms-python.vscode-pylance-2024.12.1/dist
2025-01-15 06:28:23.455 [info] [Info  - 6:28:23 AM] (85903) Background analysis(1) started
2025-01-15 06:38:45.396 [info] [Info  - 6:38:45 AM] (85903) Setting environmentName for service "rj": "3.12.8 (ansible-env venv)"
2025-01-15 06:38:45.399 [info] [Info  - 6:38:45 AM] (85903) Setting pythonPath for service "rj": "/home/rj/ansible-env/bin/python"
2025-01-15 06:38:45.408 [info] [Info  - 6:38:45 AM] (85903) No include entries specified; assuming /home/rj
2025-01-15 06:38:45.410 [info] [Info  - 6:38:45 AM] (85903) Auto-excluding **/node_modules
2025-01-15 06:38:45.410 [info] [Info  - 6:38:45 AM] (85903) Auto-excluding **/__pycache__
2025-01-15 06:38:45.410 [info] [Info  - 6:38:45 AM] (85903) Auto-excluding **/.*
2025-01-15 06:38:45.442 [info] [Info  - 6:38:45 AM] (85903) Assuming Python version 3.12.8.final.0
2025-01-15 06:38:45.515 [info] [Info  - 6:38:45 AM] (85903) Auto-excluding /home/rj/ansible-env
2025-01-15 06:38:45.517 [info] [Info  - 6:38:45 AM] (85903) No source files found.
